<?xml version="1.0" encoding="UTF-8"?>
<testsuite xmlns:xsi="http://www.w3.org/2001/XMLSchema-instance" xsi:noNamespaceSchemaLocation="https://maven.apache.org/surefire/maven-surefire-plugin/xsd/surefire-test-report.xsd" name="com.example.GestionDeVacaciones.GestionDeVacacionesApplicationTests" time="0.739" tests="1" errors="1" skipped="0" failures="0">
  <properties>
[...]
</properties>
  <testcase name="com.example.GestionDeVacaciones.GestionDeVacacionesApplicationTests" classname="com.example.GestionDeVacaciones.GestionDeVacacionesApplicationTests" time="0.737">
    <error message="Unable to find a @SpringBootConfiguration, you need to use @ContextConfiguration or @SpringBootTest(classes=...) with your test" type="java.lang.IllegalStateException">java.lang.IllegalStateException: Unable to find a @SpringBootConfiguration, you need to use @ContextConfiguration or @SpringBootTest(classes=...) with your test
</error>
    <system-out><![CDATA[11:49:14.106 [main] DEBUG org.springframework.test.context.BootstrapUtils - Instantiating CacheAwareContextLoaderDelegate from class [org.springframework.test.context.cache.DefaultCacheAwareContextLoaderDelegate]
11:49:14.146 [main] DEBUG org.springframework.test.context.BootstrapUtils - Instantiating BootstrapContext using constructor [public org.springframework.test.context.support.DefaultBootstrapContext(java.lang.Class,org.springframework.test.context.CacheAwareContextLoaderDelegate)]
11:49:14.191 [main] DEBUG org.springframework.test.context.BootstrapUtils - Instantiating TestContextBootstrapper for test class [com.example.GestionDeVacaciones.GestionDeVacacionesApplicationTests] from class [org.springframework.boot.test.context.SpringBootTestContextBootstrapper]
11:49:14.220 [main] INFO org.springframework.boot.test.context.SpringBootTestContextBootstrapper - Neither @ContextConfiguration nor @ContextHierarchy found for test class [com.example.GestionDeVacaciones.GestionDeVacacionesApplicationTests], using SpringBootContextLoader
11:49:14.233 [main] DEBUG org.springframework.test.context.support.AbstractContextLoader - Did not detect default resource location for test class [com.example.GestionDeVacaciones.GestionDeVacacionesApplicationTests]: class path resource [com/example/GestionDeVacaciones/GestionDeVacacionesApplicationTests-context.xml] does not exist
11:49:14.235 [main] DEBUG org.springframework.test.context.support.AbstractContextLoader - Did not detect default resource location for test class [com.example.GestionDeVacaciones.GestionDeVacacionesApplicationTests]: class path resource [com/example/GestionDeVacaciones/GestionDeVacacionesApplicationTestsContext.groovy] does not exist
11:49:14.235 [main] INFO org.springframework.test.context.support.AbstractContextLoader - Could not detect default resource locations for test class [com.example.GestionDeVacaciones.GestionDeVacacionesApplicationTests]: no resource found for suffixes {-context.xml, Context.groovy}.
11:49:14.239 [main] INFO org.springframework.test.context.support.AnnotationConfigContextLoaderUtils - Could not detect default configuration classes for test class [com.example.GestionDeVacaciones.GestionDeVacacionesApplicationTests]: GestionDeVacacionesApplicationTests does not declare any static, non-private, non-final, nested classes annotated with @Configuration.
11:49:14.289 [main] DEBUG org.springframework.test.context.support.ActiveProfilesUtils - Could not find an 'annotation declaring class' for annotation type [org.springframework.test.context.ActiveProfiles] and class [com.example.GestionDeVacaciones.GestionDeVacacionesApplicationTests]
11:49:14.429 [main] DEBUG org.springframework.test.context.BootstrapUtils - Instantiating CacheAwareContextLoaderDelegate from class [org.springframework.test.context.cache.DefaultCacheAwareContextLoaderDelegate]
11:49:14.432 [main] DEBUG org.springframework.test.context.BootstrapUtils - Instantiating BootstrapContext using constructor [public org.springframework.test.context.support.DefaultBootstrapContext(java.lang.Class,org.springframework.test.context.CacheAwareContextLoaderDelegate)]
11:49:14.433 [main] DEBUG org.springframework.test.context.BootstrapUtils - Instantiating TestContextBootstrapper for test class [com.example.GestionDeVacaciones.GestionDeVacacionesApplicationTests] from class [org.springframework.boot.test.context.SpringBootTestContextBootstrapper]
11:49:14.438 [main] INFO org.springframework.boot.test.context.SpringBootTestContextBootstrapper - Neither @ContextConfiguration nor @ContextHierarchy found for test class [com.example.GestionDeVacaciones.GestionDeVacacionesApplicationTests], using SpringBootContextLoader
11:49:14.450 [main] DEBUG org.springframework.test.context.support.AbstractContextLoader - Did not detect default resource location for test class [com.example.GestionDeVacaciones.GestionDeVacacionesApplicationTests]: class path resource [com/example/GestionDeVacaciones/GestionDeVacacionesApplicationTests-context.xml] does not exist
11:49:14.459 [main] DEBUG org.springframework.test.context.support.AbstractContextLoader - Did not detect default resource location for test class [com.example.GestionDeVacaciones.GestionDeVacacionesApplicationTests]: class path resource [com/example/GestionDeVacaciones/GestionDeVacacionesApplicationTestsContext.groovy] does not exist
11:49:14.459 [main] INFO org.springframework.test.context.support.AbstractContextLoader - Could not detect default resource locations for test class [com.example.GestionDeVacaciones.GestionDeVacacionesApplicationTests]: no resource found for suffixes {-context.xml, Context.groovy}.
11:49:14.459 [main] INFO org.springframework.test.context.support.AnnotationConfigContextLoaderUtils - Could not detect default configuration classes for test class [com.example.GestionDeVacaciones.GestionDeVacacionesApplicationTests]: GestionDeVacacionesApplicationTests does not declare any static, non-private, non-final, nested classes annotated with @Configuration.
11:49:14.474 [main] DEBUG org.springframework.test.context.support.ActiveProfilesUtils - Could not find an 'annotation declaring class' for annotation type [org.springframework.test.context.ActiveProfiles] and class [com.example.GestionDeVacaciones.GestionDeVacacionesApplicationTests]
11:49:14.577 [main] DEBUG org.springframework.test.context.BootstrapUtils - Instantiating CacheAwareContextLoaderDelegate from class [org.springframework.test.context.cache.DefaultCacheAwareContextLoaderDelegate]
11:49:14.585 [main] DEBUG org.springframework.test.context.BootstrapUtils - Instantiating BootstrapContext using constructor [public org.springframework.test.context.support.DefaultBootstrapContext(java.lang.Class,org.springframework.test.context.CacheAwareContextLoaderDelegate)]
11:49:14.591 [main] DEBUG org.springframework.test.context.BootstrapUtils - Instantiating TestContextBootstrapper for test class [com.example.GestionDeVacaciones.GestionDeVacacionesApplicationTests] from class [org.springframework.boot.test.context.SpringBootTestContextBootstrapper]
11:49:14.596 [main] INFO org.springframework.boot.test.context.SpringBootTestContextBootstrapper - Neither @ContextConfiguration nor @ContextHierarchy found for test class [com.example.GestionDeVacaciones.GestionDeVacacionesApplicationTests], using SpringBootContextLoader
11:49:14.598 [main] DEBUG org.springframework.test.context.support.AbstractContextLoader - Did not detect default resource location for test class [com.example.GestionDeVacaciones.GestionDeVacacionesApplicationTests]: class path resource [com/example/GestionDeVacaciones/GestionDeVacacionesApplicationTests-context.xml] does not exist
11:49:14.600 [main] DEBUG org.springframework.test.context.support.AbstractContextLoader - Did not detect default resource location for test class [com.example.GestionDeVacaciones.GestionDeVacacionesApplicationTests]: class path resource [com/example/GestionDeVacaciones/GestionDeVacacionesApplicationTestsContext.groovy] does not exist
11:49:14.600 [main] INFO org.springframework.test.context.support.AbstractContextLoader - Could not detect default resource locations for test class [com.example.GestionDeVacaciones.GestionDeVacacionesApplicationTests]: no resource found for suffixes {-context.xml, Context.groovy}.
11:49:14.600 [main] INFO org.springframework.test.context.support.AnnotationConfigContextLoaderUtils - Could not detect default configuration classes for test class [com.example.GestionDeVacaciones.GestionDeVacacionesApplicationTests]: GestionDeVacacionesApplicationTests does not declare any static, non-private, non-final, nested classes annotated with @Configuration.
11:49:14.604 [main] DEBUG org.springframework.test.context.support.ActiveProfilesUtils - Could not find an 'annotation declaring class' for annotation type [org.springframework.test.context.ActiveProfiles] and class [com.example.GestionDeVacaciones.GestionDeVacacionesApplicationTests]
]]></system-out>
  </testcase>
</testsuite>